[debug] [2022-11-28T17:37:53.059Z] ----------------------------------------------------------------------
[debug] [2022-11-28T17:37:53.062Z] Command:       C:\Program Files\nodejs\node.exe C:\Users\Imaad Islam\AppData\Roaming\npm\node_modules\firebase-tools\lib\bin\firebase.js init
[debug] [2022-11-28T17:37:53.062Z] CLI Version:   11.15.0
[debug] [2022-11-28T17:37:53.062Z] Platform:      win32
[debug] [2022-11-28T17:37:53.062Z] Node Version:  v16.15.1
[debug] [2022-11-28T17:37:53.063Z] Time:          Mon Nov 28 2022 23:37:53 GMT+0600 (Bangladesh Standard Time)
[debug] [2022-11-28T17:37:53.064Z] ----------------------------------------------------------------------
[debug] 
[debug] [2022-11-28T17:37:53.068Z] >>> [apiv2][query] GET https://firebase-public.firebaseio.com/cli.json [none]
[debug] [2022-11-28T17:37:53.168Z] > command requires scopes: ["email","openid","https://www.googleapis.com/auth/cloudplatformprojects.readonly","https://www.googleapis.com/auth/firebase","https://www.googleapis.com/auth/cloud-platform"]
[debug] [2022-11-28T17:37:53.169Z] > authorizing via signed-in user (afia.nasrin3e@gmail.com)
[info] 
     ######## #### ########  ######## ########     ###     ######  ########
     ##        ##  ##     ## ##       ##     ##  ##   ##  ##       ##
     ######    ##  ########  ######   ########  #########  ######  ######
     ##        ##  ##    ##  ##       ##     ## ##     ##       ## ##
     ##       #### ##     ## ######## ########  ##     ##  ######  ########

You're about to initialize a Firebase project in this directory:

  C:\projects\A12\crockeries-client

Before we get started, keep in mind:

  * You are currently outside your home directory
  * You are initializing within an existing Firebase project directory

[debug] [2022-11-28T17:37:53.795Z] <<< [apiv2][status] GET https://firebase-public.firebaseio.com/cli.json 200
[debug] [2022-11-28T17:37:53.795Z] <<< [apiv2][body] GET https://firebase-public.firebaseio.com/cli.json {"cloudBuildErrorAfter":1594252800000,"cloudBuildWarnAfter":1590019200000,"defaultNode10After":1594252800000,"minVersion":"3.0.5","node8DeploysDisabledAfter":1613390400000,"node8RuntimeDisabledAfter":1615809600000,"node8WarnAfter":1600128000000}
[info] 
=== Project Setup
[info] 
[info] First, let's associate this project directory with a Firebase project.
[info] You can create multiple project aliases by running firebase use --add, 
[info] but for now we'll just set up a default project.
[info] 
[debug] [2022-11-28T17:41:18.506Z] Using project from CLI flag: crockeriesgallery-c395c
[debug] [2022-11-28T17:41:18.507Z] > refreshing access token with scopes: []
[debug] [2022-11-28T17:41:18.508Z] >>> [apiv2][query] POST https://www.googleapis.com/oauth2/v3/token [none]
[debug] [2022-11-28T17:41:18.508Z] >>> [apiv2][body] POST https://www.googleapis.com/oauth2/v3/token [omitted]
[debug] [2022-11-28T17:41:18.782Z] <<< [apiv2][status] POST https://www.googleapis.com/oauth2/v3/token 200
[debug] [2022-11-28T17:41:18.782Z] <<< [apiv2][body] POST https://www.googleapis.com/oauth2/v3/token [omitted]
[debug] [2022-11-28T17:41:18.790Z] >>> [apiv2][query] GET https://firebase.googleapis.com/v1beta1/projects/crockeriesgallery-c395c [none]
[debug] [2022-11-28T17:41:19.513Z] <<< [apiv2][status] GET https://firebase.googleapis.com/v1beta1/projects/crockeriesgallery-c395c 200
[debug] [2022-11-28T17:41:19.514Z] <<< [apiv2][body] GET https://firebase.googleapis.com/v1beta1/projects/crockeriesgallery-c395c {"projectId":"crockeriesgallery-c395c","projectNumber":"654766577470","displayName":"crockeriesgallery","name":"projects/crockeriesgallery-c395c","resources":{"hostingSite":"crockeriesgallery-c395c"},"state":"ACTIVE","etag":"1_9b353f0b-0836-4b01-8fe5-9d66fcdaa477"}
[info] i  Using project crockeriesgallery-c395c (crockeriesgallery) 
[info] 
=== Database Setup
[info] i  database: ensuring required API firebasedatabase.googleapis.com is enabled... 
[debug] [2022-11-28T17:41:19.521Z] >>> [apiv2][query] GET https://serviceusage.googleapis.com/v1/projects/crockeriesgallery-c395c/services/firebasedatabase.googleapis.com [none]
[debug] [2022-11-28T17:41:19.521Z] >>> [apiv2][(partial)header] GET https://serviceusage.googleapis.com/v1/projects/crockeriesgallery-c395c/services/firebasedatabase.googleapis.com x-goog-quota-user=projects/crockeriesgallery-c395c
[debug] [2022-11-28T17:41:21.327Z] <<< [apiv2][status] GET https://serviceusage.googleapis.com/v1/projects/crockeriesgallery-c395c/services/firebasedatabase.googleapis.com 200
[debug] [2022-11-28T17:41:21.327Z] <<< [apiv2][body] GET https://serviceusage.googleapis.com/v1/projects/crockeriesgallery-c395c/services/firebasedatabase.googleapis.com [omitted]
[warn] !  database: missing required API firebasedatabase.googleapis.com. Enabling now... 
[debug] [2022-11-28T17:41:21.328Z] >>> [apiv2][query] POST https://serviceusage.googleapis.com/v1/projects/crockeriesgallery-c395c/services/firebasedatabase.googleapis.com:enable [none]
[debug] [2022-11-28T17:41:21.328Z] >>> [apiv2][(partial)header] POST https://serviceusage.googleapis.com/v1/projects/crockeriesgallery-c395c/services/firebasedatabase.googleapis.com:enable x-goog-quota-user=projects/crockeriesgallery-c395c
[debug] [2022-11-28T17:41:23.111Z] <<< [apiv2][status] POST https://serviceusage.googleapis.com/v1/projects/crockeriesgallery-c395c/services/firebasedatabase.googleapis.com:enable 200
[debug] [2022-11-28T17:41:23.111Z] <<< [apiv2][body] POST https://serviceusage.googleapis.com/v1/projects/crockeriesgallery-c395c/services/firebasedatabase.googleapis.com:enable [omitted]
[debug] [2022-11-28T17:41:33.120Z] >>> [apiv2][query] GET https://serviceusage.googleapis.com/v1/projects/crockeriesgallery-c395c/services/firebasedatabase.googleapis.com [none]
[debug] [2022-11-28T17:41:33.121Z] >>> [apiv2][(partial)header] GET https://serviceusage.googleapis.com/v1/projects/crockeriesgallery-c395c/services/firebasedatabase.googleapis.com x-goog-quota-user=projects/crockeriesgallery-c395c
[debug] [2022-11-28T17:41:34.841Z] <<< [apiv2][status] GET https://serviceusage.googleapis.com/v1/projects/crockeriesgallery-c395c/services/firebasedatabase.googleapis.com 200
[debug] [2022-11-28T17:41:34.841Z] <<< [apiv2][body] GET https://serviceusage.googleapis.com/v1/projects/crockeriesgallery-c395c/services/firebasedatabase.googleapis.com [omitted]
[info] +  database: required API firebasedatabase.googleapis.com is enabled 
[info] 
[debug] [2022-11-28T17:41:34.844Z] >>> [apiv2][query] GET https://firebase.googleapis.com/v1beta1/projects/crockeriesgallery-c395c [none]
[debug] [2022-11-28T17:41:35.307Z] <<< [apiv2][status] GET https://firebase.googleapis.com/v1beta1/projects/crockeriesgallery-c395c 200
[debug] [2022-11-28T17:41:35.307Z] <<< [apiv2][body] GET https://firebase.googleapis.com/v1beta1/projects/crockeriesgallery-c395c {"projectId":"crockeriesgallery-c395c","projectNumber":"654766577470","displayName":"crockeriesgallery","name":"projects/crockeriesgallery-c395c","resources":{"hostingSite":"crockeriesgallery-c395c"},"state":"ACTIVE","etag":"1_9b353f0b-0836-4b01-8fe5-9d66fcdaa477"}
